[debug] [2023-11-25T17:01:47.839Z] ----------------------------------------------------------------------
[debug] [2023-11-25T17:01:47.841Z] Command:       C:\Program Files\nodejs\node.exe C:\Users\Adi\AppData\Roaming\npm\node_modules\firebase-tools\lib\bin\firebase.js init
[debug] [2023-11-25T17:01:47.841Z] CLI Version:   12.9.1
[debug] [2023-11-25T17:01:47.842Z] Platform:      win32
[debug] [2023-11-25T17:01:47.842Z] Node Version:  v18.18.0
[debug] [2023-11-25T17:01:47.843Z] Time:          Sat Nov 25 2023 23:01:47 GMT+0600 (Bangladesh Standard Time)
[debug] [2023-11-25T17:01:47.843Z] ----------------------------------------------------------------------
[debug] 
[debug] [2023-11-25T17:01:47.846Z] >>> [apiv2][query] GET https://firebase-public.firebaseio.com/cli.json [none]
[debug] [2023-11-25T17:01:47.888Z] > command requires scopes: ["email","openid","https://www.googleapis.com/auth/cloudplatformprojects.readonly","https://www.googleapis.com/auth/firebase","https://www.googleapis.com/auth/cloud-platform"]
[debug] [2023-11-25T17:01:47.888Z] > authorizing via signed-in user (tahsinsumiya.19300137@rpsu.edu.bd)
[info] 
     ######## #### ########  ######## ########     ###     ######  ########
     ##        ##  ##     ## ##       ##     ##  ##   ##  ##       ##
     ######    ##  ########  ######   ########  #########  ######  ######
     ##        ##  ##    ##  ##       ##     ## ##     ##       ## ##
     ##       #### ##     ## ######## ########  ##     ##  ######  ########

You're about to initialize a Firebase project in this directory:

  G:\final\frontend

[debug] [2023-11-25T17:01:48.852Z] <<< [apiv2][status] GET https://firebase-public.firebaseio.com/cli.json 200
[debug] [2023-11-25T17:01:48.853Z] <<< [apiv2][body] GET https://firebase-public.firebaseio.com/cli.json {"cloudBuildErrorAfter":1594252800000,"cloudBuildWarnAfter":1590019200000,"defaultNode10After":1594252800000,"minVersion":"3.0.5","node8DeploysDisabledAfter":1613390400000,"node8RuntimeDisabledAfter":1615809600000,"node8WarnAfter":1600128000000}
